<?xml version="1.0" encoding="UTF-8"?>
<!-- Generated by org.testng.reporters.JUnitReportReporter -->
<testsuite hostname="Ankitas-MacBook-Air.local" failures="0" tests="8" name="com.automation.tests.ContactsTests" time="89.151" errors="0" timestamp="2024-10-19T16:40:12 GMT-07:00" skipped="0">
  <testcase classname="com.automation.tests.ContactsTests" name="checkSaveAndNewButton" time="10.727"/>
  <testcase classname="com.automation.tests.ContactsTests" name="checkRecentlyCreatedContact" time="10.293"/>
  <testcase classname="com.automation.tests.ContactsTests" name="createNewViewCancel" time="9.542"/>
  <testcase classname="com.automation.tests.ContactsTests" name="createNewContact" time="12.126"/>
  <testcase classname="com.automation.tests.ContactsTests" name="createNewView" time="12.720"/>
  <testcase classname="com.automation.tests.ContactsTests" name="createNewViewErrorMessage" time="12.404"/>
  <testcase classname="com.automation.tests.ContactsTests" name="viewContact" time="10.006"/>
  <testcase classname="com.automation.tests.ContactsTests" name="checkMyContactView" time="11.333"/>
</testsuite> <!-- com.automation.tests.ContactsTests -->
