<?xml version="1.0" encoding="UTF-8"?>
<!-- Generated by org.testng.reporters.JUnitReportReporter -->
<testsuite hostname="Ankitas-MacBook-Air.local" failures="0" tests="5" name="com.automation.tests.LoginTests" time="41.963" errors="0" timestamp="2024-10-21T23:08:03 GMT-07:00" skipped="0">
  <testcase classname="com.automation.tests.LoginTests" name="checkRememberMe" time="14.074"/>
  <testcase classname="com.automation.tests.LoginTests" name="loginError" time="8.953"/>
  <testcase classname="com.automation.tests.LoginTests" name="incorrectLogin" time="5.393"/>
  <testcase classname="com.automation.tests.LoginTests" name="validLogin" time="9.558"/>
  <testcase classname="com.automation.tests.LoginTests" name="forgotPassword" time="3.985"/>
</testsuite> <!-- com.automation.tests.LoginTests -->
