<?xml version="1.0" encoding="UTF-8"?>
<!-- Generated by org.testng.reporters.JUnitReportReporter -->
<testsuite hostname="Ankitas-MacBook-Air.local" failures="0" tests="1" name="com.automation.tests.OpportunitiesTests" time="14.096" errors="0" timestamp="2024-10-19T21:46:55 GMT-07:00" skipped="0">
  <testcase classname="com.automation.tests.OpportunitiesTests" name="devConsole" time="14.096"/>
</testsuite> <!-- com.automation.tests.OpportunitiesTests -->
